The system is: Linux - 2.6.32-504.3.3.el6.centos.plus.x86_64 - x86_64
Compiling the CXX compiler identification source file "CMakeCXXCompilerId.cpp" succeeded.
Compiler: /opt/centos/devtoolset-1.0/root/usr/bin/c++ 
Build flags: 
Id flags: 

The output was:
0


Compilation of the CXX compiler identification source "CMakeCXXCompilerId.cpp" produced "a.out"

The CXX compiler identification is GNU, found in "/srv2/rgirdhar/Software/vision/all_opencv/opencv-3.0.0/release/CMakeFiles/2.8.12.2/CompilerIdCXX/a.out"

Compiling the C compiler identification source file "CMakeCCompilerId.c" succeeded.
Compiler: /opt/centos/devtoolset-1.0/root/usr/bin/cc 
Build flags: 
Id flags: 

The output was:
0


Compilation of the C compiler identification source "CMakeCCompilerId.c" produced "a.out"

The C compiler identification is GNU, found in "/srv2/rgirdhar/Software/vision/all_opencv/opencv-3.0.0/release/CMakeFiles/2.8.12.2/CompilerIdC/a.out"

Determining if the CXX compiler works passed with the following output:
Change Dir: /srv2/rgirdhar/Software/vision/all_opencv/opencv-3.0.0/release/CMakeFiles/CMakeTmp

Run Build Command:/usr/bin/gmake "cmTryCompileExec3407963809/fast"
/usr/bin/gmake -f CMakeFiles/cmTryCompileExec3407963809.dir/build.make CMakeFiles/cmTryCompileExec3407963809.dir/build
gmake[1]: Entering directory `/srv2/rgirdhar/Software/vision/all_opencv/opencv-3.0.0/release/CMakeFiles/CMakeTmp'
/usr/bin/cmake -E cmake_progress_report /srv2/rgirdhar/Software/vision/all_opencv/opencv-3.0.0/release/CMakeFiles/CMakeTmp/CMakeFiles 1
Building CXX object CMakeFiles/cmTryCompileExec3407963809.dir/testCXXCompiler.cxx.o
/opt/centos/devtoolset-1.0/root/usr/bin/c++     -o CMakeFiles/cmTryCompileExec3407963809.dir/testCXXCompiler.cxx.o -c /srv2/rgirdhar/Software/vision/all_opencv/opencv-3.0.0/release/CMakeFiles/CMakeTmp/testCXXCompiler.cxx
Linking CXX executable cmTryCompileExec3407963809
/usr/bin/cmake -E cmake_link_script CMakeFiles/cmTryCompileExec3407963809.dir/link.txt --verbose=1
/opt/centos/devtoolset-1.0/root/usr/bin/c++        CMakeFiles/cmTryCompileExec3407963809.dir/testCXXCompiler.cxx.o  -o cmTryCompileExec3407963809 -rdynamic 
gmake[1]: Leaving directory `/srv2/rgirdhar/Software/vision/all_opencv/opencv-3.0.0/release/CMakeFiles/CMakeTmp'


Detecting CXX compiler ABI info compiled with the following output:
Change Dir: /srv2/rgirdhar/Software/vision/all_opencv/opencv-3.0.0/release/CMakeFiles/CMakeTmp

Run Build Command:/usr/bin/gmake "cmTryCompileExec2575946112/fast"
/usr/bin/gmake -f CMakeFiles/cmTryCompileExec2575946112.dir/build.make CMakeFiles/cmTryCompileExec2575946112.dir/build
gmake[1]: Entering directory `/srv2/rgirdhar/Software/vision/all_opencv/opencv-3.0.0/release/CMakeFiles/CMakeTmp'
/usr/bin/cmake -E cmake_progress_report /srv2/rgirdhar/Software/vision/all_opencv/opencv-3.0.0/release/CMakeFiles/CMakeTmp/CMakeFiles 1
Building CXX object CMakeFiles/cmTryCompileExec2575946112.dir/CMakeCXXCompilerABI.cpp.o
/opt/centos/devtoolset-1.0/root/usr/bin/c++     -o CMakeFiles/cmTryCompileExec2575946112.dir/CMakeCXXCompilerABI.cpp.o -c /usr/share/cmake/Modules/CMakeCXXCompilerABI.cpp
Linking CXX executable cmTryCompileExec2575946112
/usr/bin/cmake -E cmake_link_script CMakeFiles/cmTryCompileExec2575946112.dir/link.txt --verbose=1
/opt/centos/devtoolset-1.0/root/usr/bin/c++      -v CMakeFiles/cmTryCompileExec2575946112.dir/CMakeCXXCompilerABI.cpp.o  -o cmTryCompileExec2575946112 -rdynamic  
Using built-in specs.
COLLECT_GCC=/opt/centos/devtoolset-1.0/root/usr/bin/c++
COLLECT_LTO_WRAPPER=/opt/centos/devtoolset-1.0/root/usr/libexec/gcc/x86_64-redhat-linux/4.7.0/lto-wrapper
Target: x86_64-redhat-linux
Configured with: ../configure --prefix=/opt/centos/devtoolset-1.0/root/usr --mandir=/opt/centos/devtoolset-1.0/root/usr/share/man --infodir=/opt/centos/devtoolset-1.0/root/usr/share/info --with-bugurl=http://bugzilla.redhat.com/bugzilla --enable-bootstrap --enable-shared --enable-threads=posix --enable-checking=release --disable-build-with-cxx --disable-build-poststage1-with-cxx --with-system-zlib --enable-__cxa_atexit --disable-libunwind-exceptions --enable-gnu-unique-object --enable-linker-build-id --enable-languages=c,c++,lto --enable-plugin --with-linker-hash-style=gnu --enable-initfini-array --disable-libgcj --with-ppl --with-cloog --with-mpc=/home/centos/rpm/BUILD/gcc-4.7.0-20120507/obj-x86_64-redhat-linux/mpc-install --with-tune=generic --with-arch_32=i686 --build=x86_64-redhat-linux
Thread model: posix
gcc version 4.7.0 20120507 (Red Hat 4.7.0-5) (GCC) 
COMPILER_PATH=/opt/centos/devtoolset-1.0/root/usr/libexec/gcc/x86_64-redhat-linux/4.7.0/:/opt/centos/devtoolset-1.0/root/usr/libexec/gcc/x86_64-redhat-linux/4.7.0/:/opt/centos/devtoolset-1.0/root/usr/libexec/gcc/x86_64-redhat-linux/:/opt/centos/devtoolset-1.0/root/usr/lib/gcc/x86_64-redhat-linux/4.7.0/:/opt/centos/devtoolset-1.0/root/usr/lib/gcc/x86_64-redhat-linux/
LIBRARY_PATH=/opt/centos/devtoolset-1.0/root/usr/lib/gcc/x86_64-redhat-linux/4.7.0/:/opt/centos/devtoolset-1.0/root/usr/lib/gcc/x86_64-redhat-linux/4.7.0/../../../../lib64/:/lib/../lib64/:/usr/lib/../lib64/:/srv2/rgirdhar/Software/visualization/mesa3d/libdrm/libdrm-2.4.64/install/lib/:/srv2/rgirdhar/Software/gpu/cudnn-6.5-linux-x64-v2/:/srv2/rgirdhar/Software/vision/opencv_install/lib/:/srv2/rgirdhar/Software/utils/libpng/install_libpng1.5.15/lib/:/srv2/rgirdhar/Software/vision/opencv_install/lib/:./:/home/rgirdhar/data/Software/utils/libevent/lib/:/opt/centos/devtoolset-1.0/root/usr/lib/gcc/x86_64-redhat-linux/4.7.0/../../../:/lib/:/usr/lib/
COLLECT_GCC_OPTIONS='-v' '-o' 'cmTryCompileExec2575946112' '-rdynamic' '-shared-libgcc' '-mtune=generic' '-march=x86-64'
 /opt/centos/devtoolset-1.0/root/usr/libexec/gcc/x86_64-redhat-linux/4.7.0/collect2 --build-id --no-add-needed --eh-frame-hdr --hash-style=gnu -m elf_x86_64 -export-dynamic -dynamic-linker /lib64/ld-linux-x86-64.so.2 -o cmTryCompileExec2575946112 /usr/lib/../lib64/crt1.o /usr/lib/../lib64/crti.o /opt/centos/devtoolset-1.0/root/usr/lib/gcc/x86_64-redhat-linux/4.7.0/crtbegin.o -L/opt/centos/devtoolset-1.0/root/usr/lib/gcc/x86_64-redhat-linux/4.7.0 -L/opt/centos/devtoolset-1.0/root/usr/lib/gcc/x86_64-redhat-linux/4.7.0/../../../../lib64 -L/lib/../lib64 -L/usr/lib/../lib64 -L/srv2/rgirdhar/Software/visualization/mesa3d/libdrm/libdrm-2.4.64/install/lib -L/srv2/rgirdhar/Software/gpu/cudnn-6.5-linux-x64-v2 -L/srv2/rgirdhar/Software/vision/opencv_install/lib -L/srv2/rgirdhar/Software/utils/libpng/install_libpng1.5.15/lib -L/srv2/rgirdhar/Software/vision/opencv_install/lib -L. -L/home/rgirdhar/data/Software/utils/libevent/lib -L/opt/centos/devtoolset-1.0/root/usr/lib/gcc/x86_64-redhat-linux/4.7.0/../../.. CMakeFiles/cmTryCompileExec2575946112.dir/CMakeCXXCompilerABI.cpp.o -lstdc++ -lm -lgcc_s -lgcc -lc -lgcc_s -lgcc /opt/centos/devtoolset-1.0/root/usr/lib/gcc/x86_64-redhat-linux/4.7.0/crtend.o /usr/lib/../lib64/crtn.o
gmake[1]: Leaving directory `/srv2/rgirdhar/Software/vision/all_opencv/opencv-3.0.0/release/CMakeFiles/CMakeTmp'


Parsed CXX implicit link information from above output:
  link line regex: [^( *|.*[/\])(ld|([^/\]+-)?ld|collect2)[^/\]*( |$)]
  ignore line: [Change Dir: /srv2/rgirdhar/Software/vision/all_opencv/opencv-3.0.0/release/CMakeFiles/CMakeTmp]
  ignore line: []
  ignore line: [Run Build Command:/usr/bin/gmake "cmTryCompileExec2575946112/fast"]
  ignore line: [/usr/bin/gmake -f CMakeFiles/cmTryCompileExec2575946112.dir/build.make CMakeFiles/cmTryCompileExec2575946112.dir/build]
  ignore line: [gmake[1]: Entering directory `/srv2/rgirdhar/Software/vision/all_opencv/opencv-3.0.0/release/CMakeFiles/CMakeTmp']
  ignore line: [/usr/bin/cmake -E cmake_progress_report /srv2/rgirdhar/Software/vision/all_opencv/opencv-3.0.0/release/CMakeFiles/CMakeTmp/CMakeFiles 1]
  ignore line: [Building CXX object CMakeFiles/cmTryCompileExec2575946112.dir/CMakeCXXCompilerABI.cpp.o]
  ignore line: [/opt/centos/devtoolset-1.0/root/usr/bin/c++     -o CMakeFiles/cmTryCompileExec2575946112.dir/CMakeCXXCompilerABI.cpp.o -c /usr/share/cmake/Modules/CMakeCXXCompilerABI.cpp]
  ignore line: [Linking CXX executable cmTryCompileExec2575946112]
  ignore line: [/usr/bin/cmake -E cmake_link_script CMakeFiles/cmTryCompileExec2575946112.dir/link.txt --verbose=1]
  ignore line: [/opt/centos/devtoolset-1.0/root/usr/bin/c++      -v CMakeFiles/cmTryCompileExec2575946112.dir/CMakeCXXCompilerABI.cpp.o  -o cmTryCompileExec2575946112 -rdynamic  ]
  ignore line: [Using built-in specs.]
  ignore line: [COLLECT_GCC=/opt/centos/devtoolset-1.0/root/usr/bin/c++]
  ignore line: [COLLECT_LTO_WRAPPER=/opt/centos/devtoolset-1.0/root/usr/libexec/gcc/x86_64-redhat-linux/4.7.0/lto-wrapper]
  ignore line: [Target: x86_64-redhat-linux]
  ignore line: [Configured with: ../configure --prefix=/opt/centos/devtoolset-1.0/root/usr --mandir=/opt/centos/devtoolset-1.0/root/usr/share/man --infodir=/opt/centos/devtoolset-1.0/root/usr/share/info --with-bugurl=http://bugzilla.redhat.com/bugzilla --enable-bootstrap --enable-shared --enable-threads=posix --enable-checking=release --disable-build-with-cxx --disable-build-poststage1-with-cxx --with-system-zlib --enable-__cxa_atexit --disable-libunwind-exceptions --enable-gnu-unique-object --enable-linker-build-id --enable-languages=c,c++,lto --enable-plugin --with-linker-hash-style=gnu --enable-initfini-array --disable-libgcj --with-ppl --with-cloog --with-mpc=/home/centos/rpm/BUILD/gcc-4.7.0-20120507/obj-x86_64-redhat-linux/mpc-install --with-tune=generic --with-arch_32=i686 --build=x86_64-redhat-linux]
  ignore line: [Thread model: posix]
  ignore line: [gcc version 4.7.0 20120507 (Red Hat 4.7.0-5) (GCC) ]
  ignore line: [COMPILER_PATH=/opt/centos/devtoolset-1.0/root/usr/libexec/gcc/x86_64-redhat-linux/4.7.0/:/opt/centos/devtoolset-1.0/root/usr/libexec/gcc/x86_64-redhat-linux/4.7.0/:/opt/centos/devtoolset-1.0/root/usr/libexec/gcc/x86_64-redhat-linux/:/opt/centos/devtoolset-1.0/root/usr/lib/gcc/x86_64-redhat-linux/4.7.0/:/opt/centos/devtoolset-1.0/root/usr/lib/gcc/x86_64-redhat-linux/]
  ignore line: [LIBRARY_PATH=/opt/centos/devtoolset-1.0/root/usr/lib/gcc/x86_64-redhat-linux/4.7.0/:/opt/centos/devtoolset-1.0/root/usr/lib/gcc/x86_64-redhat-linux/4.7.0/../../../../lib64/:/lib/../lib64/:/usr/lib/../lib64/:/srv2/rgirdhar/Software/visualization/mesa3d/libdrm/libdrm-2.4.64/install/lib/:/srv2/rgirdhar/Software/gpu/cudnn-6.5-linux-x64-v2/:/srv2/rgirdhar/Software/vision/opencv_install/lib/:/srv2/rgirdhar/Software/utils/libpng/install_libpng1.5.15/lib/:/srv2/rgirdhar/Software/vision/opencv_install/lib/:./:/home/rgirdhar/data/Software/utils/libevent/lib/:/opt/centos/devtoolset-1.0/root/usr/lib/gcc/x86_64-redhat-linux/4.7.0/../../../:/lib/:/usr/lib/]
  ignore line: [COLLECT_GCC_OPTIONS='-v' '-o' 'cmTryCompileExec2575946112' '-rdynamic' '-shared-libgcc' '-mtune=generic' '-march=x86-64']
  link line: [ /opt/centos/devtoolset-1.0/root/usr/libexec/gcc/x86_64-redhat-linux/4.7.0/collect2 --build-id --no-add-needed --eh-frame-hdr --hash-style=gnu -m elf_x86_64 -export-dynamic -dynamic-linker /lib64/ld-linux-x86-64.so.2 -o cmTryCompileExec2575946112 /usr/lib/../lib64/crt1.o /usr/lib/../lib64/crti.o /opt/centos/devtoolset-1.0/root/usr/lib/gcc/x86_64-redhat-linux/4.7.0/crtbegin.o -L/opt/centos/devtoolset-1.0/root/usr/lib/gcc/x86_64-redhat-linux/4.7.0 -L/opt/centos/devtoolset-1.0/root/usr/lib/gcc/x86_64-redhat-linux/4.7.0/../../../../lib64 -L/lib/../lib64 -L/usr/lib/../lib64 -L/srv2/rgirdhar/Software/visualization/mesa3d/libdrm/libdrm-2.4.64/install/lib -L/srv2/rgirdhar/Software/gpu/cudnn-6.5-linux-x64-v2 -L/srv2/rgirdhar/Software/vision/opencv_install/lib -L/srv2/rgirdhar/Software/utils/libpng/install_libpng1.5.15/lib -L/srv2/rgirdhar/Software/vision/opencv_install/lib -L. -L/home/rgirdhar/data/Software/utils/libevent/lib -L/opt/centos/devtoolset-1.0/root/usr/lib/gcc/x86_64-redhat-linux/4.7.0/../../.. CMakeFiles/cmTryCompileExec2575946112.dir/CMakeCXXCompilerABI.cpp.o -lstdc++ -lm -lgcc_s -lgcc -lc -lgcc_s -lgcc /opt/centos/devtoolset-1.0/root/usr/lib/gcc/x86_64-redhat-linux/4.7.0/crtend.o /usr/lib/../lib64/crtn.o]
    arg [/opt/centos/devtoolset-1.0/root/usr/libexec/gcc/x86_64-redhat-linux/4.7.0/collect2] ==> ignore
    arg [--build-id] ==> ignore
    arg [--no-add-needed] ==> ignore
    arg [--eh-frame-hdr] ==> ignore
    arg [--hash-style=gnu] ==> ignore
    arg [-m] ==> ignore
    arg [elf_x86_64] ==> ignore
    arg [-export-dynamic] ==> ignore
    arg [-dynamic-linker] ==> ignore
    arg [/lib64/ld-linux-x86-64.so.2] ==> ignore
    arg [-o] ==> ignore
    arg [cmTryCompileExec2575946112] ==> ignore
    arg [/usr/lib/../lib64/crt1.o] ==> ignore
    arg [/usr/lib/../lib64/crti.o] ==> ignore
    arg [/opt/centos/devtoolset-1.0/root/usr/lib/gcc/x86_64-redhat-linux/4.7.0/crtbegin.o] ==> ignore
    arg [-L/opt/centos/devtoolset-1.0/root/usr/lib/gcc/x86_64-redhat-linux/4.7.0] ==> dir [/opt/centos/devtoolset-1.0/root/usr/lib/gcc/x86_64-redhat-linux/4.7.0]
    arg [-L/opt/centos/devtoolset-1.0/root/usr/lib/gcc/x86_64-redhat-linux/4.7.0/../../../../lib64] ==> dir [/opt/centos/devtoolset-1.0/root/usr/lib/gcc/x86_64-redhat-linux/4.7.0/../../../../lib64]
    arg [-L/lib/../lib64] ==> dir [/lib/../lib64]
    arg [-L/usr/lib/../lib64] ==> dir [/usr/lib/../lib64]
    arg [-L/srv2/rgirdhar/Software/visualization/mesa3d/libdrm/libdrm-2.4.64/install/lib] ==> dir [/srv2/rgirdhar/Software/visualization/mesa3d/libdrm/libdrm-2.4.64/install/lib]
    arg [-L/srv2/rgirdhar/Software/gpu/cudnn-6.5-linux-x64-v2] ==> dir [/srv2/rgirdhar/Software/gpu/cudnn-6.5-linux-x64-v2]
    arg [-L/srv2/rgirdhar/Software/vision/opencv_install/lib] ==> dir [/srv2/rgirdhar/Software/vision/opencv_install/lib]
    arg [-L/srv2/rgirdhar/Software/utils/libpng/install_libpng1.5.15/lib] ==> dir [/srv2/rgirdhar/Software/utils/libpng/install_libpng1.5.15/lib]
    arg [-L/srv2/rgirdhar/Software/vision/opencv_install/lib] ==> dir [/srv2/rgirdhar/Software/vision/opencv_install/lib]
    arg [-L.] ==> ignore
    arg [-L/home/rgirdhar/data/Software/utils/libevent/lib] ==> dir [/home/rgirdhar/data/Software/utils/libevent/lib]
    arg [-L/opt/centos/devtoolset-1.0/root/usr/lib/gcc/x86_64-redhat-linux/4.7.0/../../..] ==> dir [/opt/centos/devtoolset-1.0/root/usr/lib/gcc/x86_64-redhat-linux/4.7.0/../../..]
    arg [CMakeFiles/cmTryCompileExec2575946112.dir/CMakeCXXCompilerABI.cpp.o] ==> ignore
    arg [-lstdc++] ==> lib [stdc++]
    arg [-lm] ==> lib [m]
    arg [-lgcc_s] ==> lib [gcc_s]
    arg [-lgcc] ==> lib [gcc]
    arg [-lc] ==> lib [c]
    arg [-lgcc_s] ==> lib [gcc_s]
    arg [-lgcc] ==> lib [gcc]
    arg [/opt/centos/devtoolset-1.0/root/usr/lib/gcc/x86_64-redhat-linux/4.7.0/crtend.o] ==> ignore
    arg [/usr/lib/../lib64/crtn.o] ==> ignore
  remove lib [gcc_s]
  remove lib [gcc]
  remove lib [gcc_s]
  remove lib [gcc]
  collapse library dir [/opt/centos/devtoolset-1.0/root/usr/lib/gcc/x86_64-redhat-linux/4.7.0] ==> [/opt/centos/devtoolset-1.0/root/usr/lib/gcc/x86_64-redhat-linux/4.7.0]
  collapse library dir [/opt/centos/devtoolset-1.0/root/usr/lib/gcc/x86_64-redhat-linux/4.7.0/../../../../lib64] ==> [/opt/centos/devtoolset-1.0/root/usr/lib64]
  collapse library dir [/lib/../lib64] ==> [/lib64]
  collapse library dir [/usr/lib/../lib64] ==> [/usr/lib64]
  collapse library dir [/srv2/rgirdhar/Software/visualization/mesa3d/libdrm/libdrm-2.4.64/install/lib] ==> [/srv2/rgirdhar/Software/visualization/mesa3d/libdrm/libdrm-2.4.64/install/lib]
  collapse library dir [/srv2/rgirdhar/Software/gpu/cudnn-6.5-linux-x64-v2] ==> [/srv2/rgirdhar/Software/gpu/cudnn-6.5-linux-x64-v2]
  collapse library dir [/srv2/rgirdhar/Software/vision/opencv_install/lib] ==> [/srv2/rgirdhar/Software/vision/opencv_install/lib]
  collapse library dir [/srv2/rgirdhar/Software/utils/libpng/install_libpng1.5.15/lib] ==> [/srv2/rgirdhar/Software/utils/libpng/install_libpng1.5.15/lib]
  collapse library dir [/srv2/rgirdhar/Software/vision/opencv_install/lib] ==> [/srv2/rgirdhar/Software/vision/opencv_install/lib]
  collapse library dir [/home/rgirdhar/data/Software/utils/libevent/lib] ==> [/home/rgirdhar/data/Software/utils/libevent/lib]
  collapse library dir [/opt/centos/devtoolset-1.0/root/usr/lib/gcc/x86_64-redhat-linux/4.7.0/../../..] ==> [/opt/centos/devtoolset-1.0/root/usr/lib]
  implicit libs: [stdc++;m;c]
  implicit dirs: [/opt/centos/devtoolset-1.0/root/usr/lib/gcc/x86_64-redhat-linux/4.7.0;/opt/centos/devtoolset-1.0/root/usr/lib64;/lib64;/usr/lib64;/srv2/rgirdhar/Software/visualization/mesa3d/libdrm/libdrm-2.4.64/install/lib;/srv2/rgirdhar/Software/gpu/cudnn-6.5-linux-x64-v2;/srv2/rgirdhar/Software/vision/opencv_install/lib;/srv2/rgirdhar/Software/utils/libpng/install_libpng1.5.15/lib;/home/rgirdhar/data/Software/utils/libevent/lib;/opt/centos/devtoolset-1.0/root/usr/lib]
  implicit fwks: []


Determining if the C compiler works passed with the following output:
Change Dir: /srv2/rgirdhar/Software/vision/all_opencv/opencv-3.0.0/release/CMakeFiles/CMakeTmp

Run Build Command:/usr/bin/gmake "cmTryCompileExec1005507172/fast"
/usr/bin/gmake -f CMakeFiles/cmTryCompileExec1005507172.dir/build.make CMakeFiles/cmTryCompileExec1005507172.dir/build
gmake[1]: Entering directory `/srv2/rgirdhar/Software/vision/all_opencv/opencv-3.0.0/release/CMakeFiles/CMakeTmp'
/usr/bin/cmake -E cmake_progress_report /srv2/rgirdhar/Software/vision/all_opencv/opencv-3.0.0/release/CMakeFiles/CMakeTmp/CMakeFiles 1
Building C object CMakeFiles/cmTryCompileExec1005507172.dir/testCCompiler.c.o
/opt/centos/devtoolset-1.0/root/usr/bin/cc    -o CMakeFiles/cmTryCompileExec1005507172.dir/testCCompiler.c.o   -c /srv2/rgirdhar/Software/vision/all_opencv/opencv-3.0.0/release/CMakeFiles/CMakeTmp/testCCompiler.c
Linking C executable cmTryCompileExec1005507172
/usr/bin/cmake -E cmake_link_script CMakeFiles/cmTryCompileExec1005507172.dir/link.txt --verbose=1
/opt/centos/devtoolset-1.0/root/usr/bin/cc       CMakeFiles/cmTryCompileExec1005507172.dir/testCCompiler.c.o  -o cmTryCompileExec1005507172 -rdynamic 
gmake[1]: Leaving directory `/srv2/rgirdhar/Software/vision/all_opencv/opencv-3.0.0/release/CMakeFiles/CMakeTmp'


Detecting C compiler ABI info compiled with the following output:
Change Dir: /srv2/rgirdhar/Software/vision/all_opencv/opencv-3.0.0/release/CMakeFiles/CMakeTmp

Run Build Command:/usr/bin/gmake "cmTryCompileExec736257003/fast"
/usr/bin/gmake -f CMakeFiles/cmTryCompileExec736257003.dir/build.make CMakeFiles/cmTryCompileExec736257003.dir/build
gmake[1]: Entering directory `/srv2/rgirdhar/Software/vision/all_opencv/opencv-3.0.0/release/CMakeFiles/CMakeTmp'
/usr/bin/cmake -E cmake_progress_report /srv2/rgirdhar/Software/vision/all_opencv/opencv-3.0.0/release/CMakeFiles/CMakeTmp/CMakeFiles 1
Building C object CMakeFiles/cmTryCompileExec736257003.dir/CMakeCCompilerABI.c.o
/opt/centos/devtoolset-1.0/root/usr/bin/cc    -o CMakeFiles/cmTryCompileExec736257003.dir/CMakeCCompilerABI.c.o   -c /usr/share/cmake/Modules/CMakeCCompilerABI.c
Linking C executable cmTryCompileExec736257003
/usr/bin/cmake -E cmake_link_script CMakeFiles/cmTryCompileExec736257003.dir/link.txt --verbose=1
/opt/centos/devtoolset-1.0/root/usr/bin/cc     -v CMakeFiles/cmTryCompileExec736257003.dir/CMakeCCompilerABI.c.o  -o cmTryCompileExec736257003 -rdynamic  
Using built-in specs.
COLLECT_GCC=/opt/centos/devtoolset-1.0/root/usr/bin/cc
COLLECT_LTO_WRAPPER=/opt/centos/devtoolset-1.0/root/usr/libexec/gcc/x86_64-redhat-linux/4.7.0/lto-wrapper
Target: x86_64-redhat-linux
Configured with: ../configure --prefix=/opt/centos/devtoolset-1.0/root/usr --mandir=/opt/centos/devtoolset-1.0/root/usr/share/man --infodir=/opt/centos/devtoolset-1.0/root/usr/share/info --with-bugurl=http://bugzilla.redhat.com/bugzilla --enable-bootstrap --enable-shared --enable-threads=posix --enable-checking=release --disable-build-with-cxx --disable-build-poststage1-with-cxx --with-system-zlib --enable-__cxa_atexit --disable-libunwind-exceptions --enable-gnu-unique-object --enable-linker-build-id --enable-languages=c,c++,lto --enable-plugin --with-linker-hash-style=gnu --enable-initfini-array --disable-libgcj --with-ppl --with-cloog --with-mpc=/home/centos/rpm/BUILD/gcc-4.7.0-20120507/obj-x86_64-redhat-linux/mpc-install --with-tune=generic --with-arch_32=i686 --build=x86_64-redhat-linux
Thread model: posix
gcc version 4.7.0 20120507 (Red Hat 4.7.0-5) (GCC) 
COMPILER_PATH=/opt/centos/devtoolset-1.0/root/usr/libexec/gcc/x86_64-redhat-linux/4.7.0/:/opt/centos/devtoolset-1.0/root/usr/libexec/gcc/x86_64-redhat-linux/4.7.0/:/opt/centos/devtoolset-1.0/root/usr/libexec/gcc/x86_64-redhat-linux/:/opt/centos/devtoolset-1.0/root/usr/lib/gcc/x86_64-redhat-linux/4.7.0/:/opt/centos/devtoolset-1.0/root/usr/lib/gcc/x86_64-redhat-linux/
LIBRARY_PATH=/opt/centos/devtoolset-1.0/root/usr/lib/gcc/x86_64-redhat-linux/4.7.0/:/opt/centos/devtoolset-1.0/root/usr/lib/gcc/x86_64-redhat-linux/4.7.0/../../../../lib64/:/lib/../lib64/:/usr/lib/../lib64/:/srv2/rgirdhar/Software/visualization/mesa3d/libdrm/libdrm-2.4.64/install/lib/:/srv2/rgirdhar/Software/gpu/cudnn-6.5-linux-x64-v2/:/srv2/rgirdhar/Software/vision/opencv_install/lib/:/srv2/rgirdhar/Software/utils/libpng/install_libpng1.5.15/lib/:/srv2/rgirdhar/Software/vision/opencv_install/lib/:./:/home/rgirdhar/data/Software/utils/libevent/lib/:/opt/centos/devtoolset-1.0/root/usr/lib/gcc/x86_64-redhat-linux/4.7.0/../../../:/lib/:/usr/lib/
COLLECT_GCC_OPTIONS='-v' '-o' 'cmTryCompileExec736257003' '-rdynamic' '-mtune=generic' '-march=x86-64'
 /opt/centos/devtoolset-1.0/root/usr/libexec/gcc/x86_64-redhat-linux/4.7.0/collect2 --build-id --no-add-needed --eh-frame-hdr --hash-style=gnu -m elf_x86_64 -export-dynamic -dynamic-linker /lib64/ld-linux-x86-64.so.2 -o cmTryCompileExec736257003 /usr/lib/../lib64/crt1.o /usr/lib/../lib64/crti.o /opt/centos/devtoolset-1.0/root/usr/lib/gcc/x86_64-redhat-linux/4.7.0/crtbegin.o -L/opt/centos/devtoolset-1.0/root/usr/lib/gcc/x86_64-redhat-linux/4.7.0 -L/opt/centos/devtoolset-1.0/root/usr/lib/gcc/x86_64-redhat-linux/4.7.0/../../../../lib64 -L/lib/../lib64 -L/usr/lib/../lib64 -L/srv2/rgirdhar/Software/visualization/mesa3d/libdrm/libdrm-2.4.64/install/lib -L/srv2/rgirdhar/Software/gpu/cudnn-6.5-linux-x64-v2 -L/srv2/rgirdhar/Software/vision/opencv_install/lib -L/srv2/rgirdhar/Software/utils/libpng/install_libpng1.5.15/lib -L/srv2/rgirdhar/Software/vision/opencv_install/lib -L. -L/home/rgirdhar/data/Software/utils/libevent/lib -L/opt/centos/devtoolset-1.0/root/usr/lib/gcc/x86_64-redhat-linux/4.7.0/../../.. CMakeFiles/cmTryCompileExec736257003.dir/CMakeCCompilerABI.c.o -lgcc --as-needed -lgcc_s --no-as-needed -lc -lgcc --as-needed -lgcc_s --no-as-needed /opt/centos/devtoolset-1.0/root/usr/lib/gcc/x86_64-redhat-linux/4.7.0/crtend.o /usr/lib/../lib64/crtn.o
gmake[1]: Leaving directory `/srv2/rgirdhar/Software/vision/all_opencv/opencv-3.0.0/release/CMakeFiles/CMakeTmp'


Parsed C implicit link information from above output:
  link line regex: [^( *|.*[/\])(ld|([^/\]+-)?ld|collect2)[^/\]*( |$)]
  ignore line: [Change Dir: /srv2/rgirdhar/Software/vision/all_opencv/opencv-3.0.0/release/CMakeFiles/CMakeTmp]
  ignore line: []
  ignore line: [Run Build Command:/usr/bin/gmake "cmTryCompileExec736257003/fast"]
  ignore line: [/usr/bin/gmake -f CMakeFiles/cmTryCompileExec736257003.dir/build.make CMakeFiles/cmTryCompileExec736257003.dir/build]
  ignore line: [gmake[1]: Entering directory `/srv2/rgirdhar/Software/vision/all_opencv/opencv-3.0.0/release/CMakeFiles/CMakeTmp']
  ignore line: [/usr/bin/cmake -E cmake_progress_report /srv2/rgirdhar/Software/vision/all_opencv/opencv-3.0.0/release/CMakeFiles/CMakeTmp/CMakeFiles 1]
  ignore line: [Building C object CMakeFiles/cmTryCompileExec736257003.dir/CMakeCCompilerABI.c.o]
  ignore line: [/opt/centos/devtoolset-1.0/root/usr/bin/cc    -o CMakeFiles/cmTryCompileExec736257003.dir/CMakeCCompilerABI.c.o   -c /usr/share/cmake/Modules/CMakeCCompilerABI.c]
  ignore line: [Linking C executable cmTryCompileExec736257003]
  ignore line: [/usr/bin/cmake -E cmake_link_script CMakeFiles/cmTryCompileExec736257003.dir/link.txt --verbose=1]
  ignore line: [/opt/centos/devtoolset-1.0/root/usr/bin/cc     -v CMakeFiles/cmTryCompileExec736257003.dir/CMakeCCompilerABI.c.o  -o cmTryCompileExec736257003 -rdynamic  ]
  ignore line: [Using built-in specs.]
  ignore line: [COLLECT_GCC=/opt/centos/devtoolset-1.0/root/usr/bin/cc]
  ignore line: [COLLECT_LTO_WRAPPER=/opt/centos/devtoolset-1.0/root/usr/libexec/gcc/x86_64-redhat-linux/4.7.0/lto-wrapper]
  ignore line: [Target: x86_64-redhat-linux]
  ignore line: [Configured with: ../configure --prefix=/opt/centos/devtoolset-1.0/root/usr --mandir=/opt/centos/devtoolset-1.0/root/usr/share/man --infodir=/opt/centos/devtoolset-1.0/root/usr/share/info --with-bugurl=http://bugzilla.redhat.com/bugzilla --enable-bootstrap --enable-shared --enable-threads=posix --enable-checking=release --disable-build-with-cxx --disable-build-poststage1-with-cxx --with-system-zlib --enable-__cxa_atexit --disable-libunwind-exceptions --enable-gnu-unique-object --enable-linker-build-id --enable-languages=c,c++,lto --enable-plugin --with-linker-hash-style=gnu --enable-initfini-array --disable-libgcj --with-ppl --with-cloog --with-mpc=/home/centos/rpm/BUILD/gcc-4.7.0-20120507/obj-x86_64-redhat-linux/mpc-install --with-tune=generic --with-arch_32=i686 --build=x86_64-redhat-linux]
  ignore line: [Thread model: posix]
  ignore line: [gcc version 4.7.0 20120507 (Red Hat 4.7.0-5) (GCC) ]
  ignore line: [COMPILER_PATH=/opt/centos/devtoolset-1.0/root/usr/libexec/gcc/x86_64-redhat-linux/4.7.0/:/opt/centos/devtoolset-1.0/root/usr/libexec/gcc/x86_64-redhat-linux/4.7.0/:/opt/centos/devtoolset-1.0/root/usr/libexec/gcc/x86_64-redhat-linux/:/opt/centos/devtoolset-1.0/root/usr/lib/gcc/x86_64-redhat-linux/4.7.0/:/opt/centos/devtoolset-1.0/root/usr/lib/gcc/x86_64-redhat-linux/]
  ignore line: [LIBRARY_PATH=/opt/centos/devtoolset-1.0/root/usr/lib/gcc/x86_64-redhat-linux/4.7.0/:/opt/centos/devtoolset-1.0/root/usr/lib/gcc/x86_64-redhat-linux/4.7.0/../../../../lib64/:/lib/../lib64/:/usr/lib/../lib64/:/srv2/rgirdhar/Software/visualization/mesa3d/libdrm/libdrm-2.4.64/install/lib/:/srv2/rgirdhar/Software/gpu/cudnn-6.5-linux-x64-v2/:/srv2/rgirdhar/Software/vision/opencv_install/lib/:/srv2/rgirdhar/Software/utils/libpng/install_libpng1.5.15/lib/:/srv2/rgirdhar/Software/vision/opencv_install/lib/:./:/home/rgirdhar/data/Software/utils/libevent/lib/:/opt/centos/devtoolset-1.0/root/usr/lib/gcc/x86_64-redhat-linux/4.7.0/../../../:/lib/:/usr/lib/]
  ignore line: [COLLECT_GCC_OPTIONS='-v' '-o' 'cmTryCompileExec736257003' '-rdynamic' '-mtune=generic' '-march=x86-64']
  link line: [ /opt/centos/devtoolset-1.0/root/usr/libexec/gcc/x86_64-redhat-linux/4.7.0/collect2 --build-id --no-add-needed --eh-frame-hdr --hash-style=gnu -m elf_x86_64 -export-dynamic -dynamic-linker /lib64/ld-linux-x86-64.so.2 -o cmTryCompileExec736257003 /usr/lib/../lib64/crt1.o /usr/lib/../lib64/crti.o /opt/centos/devtoolset-1.0/root/usr/lib/gcc/x86_64-redhat-linux/4.7.0/crtbegin.o -L/opt/centos/devtoolset-1.0/root/usr/lib/gcc/x86_64-redhat-linux/4.7.0 -L/opt/centos/devtoolset-1.0/root/usr/lib/gcc/x86_64-redhat-linux/4.7.0/../../../../lib64 -L/lib/../lib64 -L/usr/lib/../lib64 -L/srv2/rgirdhar/Software/visualization/mesa3d/libdrm/libdrm-2.4.64/install/lib -L/srv2/rgirdhar/Software/gpu/cudnn-6.5-linux-x64-v2 -L/srv2/rgirdhar/Software/vision/opencv_install/lib -L/srv2/rgirdhar/Software/utils/libpng/install_libpng1.5.15/lib -L/srv2/rgirdhar/Software/vision/opencv_install/lib -L. -L/home/rgirdhar/data/Software/utils/libevent/lib -L/opt/centos/devtoolset-1.0/root/usr/lib/gcc/x86_64-redhat-linux/4.7.0/../../.. CMakeFiles/cmTryCompileExec736257003.dir/CMakeCCompilerABI.c.o -lgcc --as-needed -lgcc_s --no-as-needed -lc -lgcc --as-needed -lgcc_s --no-as-needed /opt/centos/devtoolset-1.0/root/usr/lib/gcc/x86_64-redhat-linux/4.7.0/crtend.o /usr/lib/../lib64/crtn.o]
    arg [/opt/centos/devtoolset-1.0/root/usr/libexec/gcc/x86_64-redhat-linux/4.7.0/collect2] ==> ignore
    arg [--build-id] ==> ignore
    arg [--no-add-needed] ==> ignore
    arg [--eh-frame-hdr] ==> ignore
    arg [--hash-style=gnu] ==> ignore
    arg [-m] ==> ignore
    arg [elf_x86_64] ==> ignore
    arg [-export-dynamic] ==> ignore
    arg [-dynamic-linker] ==> ignore
    arg [/lib64/ld-linux-x86-64.so.2] ==> ignore
    arg [-o] ==> ignore
    arg [cmTryCompileExec736257003] ==> ignore
    arg [/usr/lib/../lib64/crt1.o] ==> ignore
    arg [/usr/lib/../lib64/crti.o] ==> ignore
    arg [/opt/centos/devtoolset-1.0/root/usr/lib/gcc/x86_64-redhat-linux/4.7.0/crtbegin.o] ==> ignore
    arg [-L/opt/centos/devtoolset-1.0/root/usr/lib/gcc/x86_64-redhat-linux/4.7.0] ==> dir [/opt/centos/devtoolset-1.0/root/usr/lib/gcc/x86_64-redhat-linux/4.7.0]
    arg [-L/opt/centos/devtoolset-1.0/root/usr/lib/gcc/x86_64-redhat-linux/4.7.0/../../../../lib64] ==> dir [/opt/centos/devtoolset-1.0/root/usr/lib/gcc/x86_64-redhat-linux/4.7.0/../../../../lib64]
    arg [-L/lib/../lib64] ==> dir [/lib/../lib64]
    arg [-L/usr/lib/../lib64] ==> dir [/usr/lib/../lib64]
    arg [-L/srv2/rgirdhar/Software/visualization/mesa3d/libdrm/libdrm-2.4.64/install/lib] ==> dir [/srv2/rgirdhar/Software/visualization/mesa3d/libdrm/libdrm-2.4.64/install/lib]
    arg [-L/srv2/rgirdhar/Software/gpu/cudnn-6.5-linux-x64-v2] ==> dir [/srv2/rgirdhar/Software/gpu/cudnn-6.5-linux-x64-v2]
    arg [-L/srv2/rgirdhar/Software/vision/opencv_install/lib] ==> dir [/srv2/rgirdhar/Software/vision/opencv_install/lib]
    arg [-L/srv2/rgirdhar/Software/utils/libpng/install_libpng1.5.15/lib] ==> dir [/srv2/rgirdhar/Software/utils/libpng/install_libpng1.5.15/lib]
    arg [-L/srv2/rgirdhar/Software/vision/opencv_install/lib] ==> dir [/srv2/rgirdhar/Software/vision/opencv_install/lib]
    arg [-L.] ==> ignore
    arg [-L/home/rgirdhar/data/Software/utils/libevent/lib] ==> dir [/home/rgirdhar/data/Software/utils/libevent/lib]
    arg [-L/opt/centos/devtoolset-1.0/root/usr/lib/gcc/x86_64-redhat-linux/4.7.0/../../..] ==> dir [/opt/centos/devtoolset-1.0/root/usr/lib/gcc/x86_64-redhat-linux/4.7.0/../../..]
    arg [CMakeFiles/cmTryCompileExec736257003.dir/CMakeCCompilerABI.c.o] ==> ignore
    arg [-lgcc] ==> lib [gcc]
    arg [--as-needed] ==> ignore
    arg [-lgcc_s] ==> lib [gcc_s]
    arg [--no-as-needed] ==> ignore
    arg [-lc] ==> lib [c]
    arg [-lgcc] ==> lib [gcc]
    arg [--as-needed] ==> ignore
    arg [-lgcc_s] ==> lib [gcc_s]
    arg [--no-as-needed] ==> ignore
    arg [/opt/centos/devtoolset-1.0/root/usr/lib/gcc/x86_64-redhat-linux/4.7.0/crtend.o] ==> ignore
    arg [/usr/lib/../lib64/crtn.o] ==> ignore
  remove lib [gcc]
  remove lib [gcc_s]
  remove lib [gcc]
  remove lib [gcc_s]
  collapse library dir [/opt/centos/devtoolset-1.0/root/usr/lib/gcc/x86_64-redhat-linux/4.7.0] ==> [/opt/centos/devtoolset-1.0/root/usr/lib/gcc/x86_64-redhat-linux/4.7.0]
  collapse library dir [/opt/centos/devtoolset-1.0/root/usr/lib/gcc/x86_64-redhat-linux/4.7.0/../../../../lib64] ==> [/opt/centos/devtoolset-1.0/root/usr/lib64]
  collapse library dir [/lib/../lib64] ==> [/lib64]
  collapse library dir [/usr/lib/../lib64] ==> [/usr/lib64]
  collapse library dir [/srv2/rgirdhar/Software/visualization/mesa3d/libdrm/libdrm-2.4.64/install/lib] ==> [/srv2/rgirdhar/Software/visualization/mesa3d/libdrm/libdrm-2.4.64/install/lib]
  collapse library dir [/srv2/rgirdhar/Software/gpu/cudnn-6.5-linux-x64-v2] ==> [/srv2/rgirdhar/Software/gpu/cudnn-6.5-linux-x64-v2]
  collapse library dir [/srv2/rgirdhar/Software/vision/opencv_install/lib] ==> [/srv2/rgirdhar/Software/vision/opencv_install/lib]
  collapse library dir [/srv2/rgirdhar/Software/utils/libpng/install_libpng1.5.15/lib] ==> [/srv2/rgirdhar/Software/utils/libpng/install_libpng1.5.15/lib]
  collapse library dir [/srv2/rgirdhar/Software/vision/opencv_install/lib] ==> [/srv2/rgirdhar/Software/vision/opencv_install/lib]
  collapse library dir [/home/rgirdhar/data/Software/utils/libevent/lib] ==> [/home/rgirdhar/data/Software/utils/libevent/lib]
  collapse library dir [/opt/centos/devtoolset-1.0/root/usr/lib/gcc/x86_64-redhat-linux/4.7.0/../../..] ==> [/opt/centos/devtoolset-1.0/root/usr/lib]
  implicit libs: [c]
  implicit dirs: [/opt/centos/devtoolset-1.0/root/usr/lib/gcc/x86_64-redhat-linux/4.7.0;/opt/centos/devtoolset-1.0/root/usr/lib64;/lib64;/usr/lib64;/srv2/rgirdhar/Software/visualization/mesa3d/libdrm/libdrm-2.4.64/install/lib;/srv2/rgirdhar/Software/gpu/cudnn-6.5-linux-x64-v2;/srv2/rgirdhar/Software/vision/opencv_install/lib;/srv2/rgirdhar/Software/utils/libpng/install_libpng1.5.15/lib;/home/rgirdhar/data/Software/utils/libevent/lib;/opt/centos/devtoolset-1.0/root/usr/lib]
  implicit fwks: []


Determining if the include file pthread.h exists passed with the following output:
Change Dir: /srv2/rgirdhar/Software/vision/all_opencv/opencv-3.0.0/release/CMakeFiles/CMakeTmp

Run Build Command:/usr/bin/gmake "cmTryCompileExec1847253858/fast"
/usr/bin/gmake -f CMakeFiles/cmTryCompileExec1847253858.dir/build.make CMakeFiles/cmTryCompileExec1847253858.dir/build
gmake[1]: Entering directory `/srv2/rgirdhar/Software/vision/all_opencv/opencv-3.0.0/release/CMakeFiles/CMakeTmp'
/usr/bin/cmake -E cmake_progress_report /srv2/rgirdhar/Software/vision/all_opencv/opencv-3.0.0/release/CMakeFiles/CMakeTmp/CMakeFiles 1
Building C object CMakeFiles/cmTryCompileExec1847253858.dir/CheckIncludeFile.c.o
/opt/centos/devtoolset-1.0/root/usr/bin/cc   -fsigned-char -W -Wall -Werror=return-type -Werror=non-virtual-dtor -Werror=address -Werror=sequence-point -Wformat -Werror=format-security -Wmissing-declarations -Wmissing-prototypes -Wstrict-prototypes -Wundef -Winit-self -Wpointer-arith -Wshadow -Wno-narrowing -fdiagnostics-show-option -Wno-long-long -pthread -fomit-frame-pointer -msse -msse2 -mno-avx -msse3 -mno-ssse3 -mno-sse4.1 -mno-sse4.2 -ffunction-sections -fvisibility=hidden  -O3 -DNDEBUG   -o CMakeFiles/cmTryCompileExec1847253858.dir/CheckIncludeFile.c.o   -c /srv2/rgirdhar/Software/vision/all_opencv/opencv-3.0.0/release/CMakeFiles/CMakeTmp/CheckIncludeFile.c
Linking C executable cmTryCompileExec1847253858
/usr/bin/cmake -E cmake_link_script CMakeFiles/cmTryCompileExec1847253858.dir/link.txt --verbose=1
/opt/centos/devtoolset-1.0/root/usr/bin/cc     -fsigned-char -W -Wall -Werror=return-type -Werror=non-virtual-dtor -Werror=address -Werror=sequence-point -Wformat -Werror=format-security -Wmissing-declarations -Wmissing-prototypes -Wstrict-prototypes -Wundef -Winit-self -Wpointer-arith -Wshadow -Wno-narrowing -fdiagnostics-show-option -Wno-long-long -pthread -fomit-frame-pointer -msse -msse2 -mno-avx -msse3 -mno-ssse3 -mno-sse4.1 -mno-sse4.2 -ffunction-sections -fvisibility=hidden  -O3 -DNDEBUG    CMakeFiles/cmTryCompileExec1847253858.dir/CheckIncludeFile.c.o  -o cmTryCompileExec1847253858 -rdynamic 
gmake[1]: Leaving directory `/srv2/rgirdhar/Software/vision/all_opencv/opencv-3.0.0/release/CMakeFiles/CMakeTmp'


Determining if the include file sys/types.h exists passed with the following output:
Change Dir: /srv2/rgirdhar/Software/vision/all_opencv/opencv-3.0.0/release/CMakeFiles/CMakeTmp

Run Build Command:/usr/bin/gmake "cmTryCompileExec1477899503/fast"
/usr/bin/gmake -f CMakeFiles/cmTryCompileExec1477899503.dir/build.make CMakeFiles/cmTryCompileExec1477899503.dir/build
gmake[1]: Entering directory `/srv2/rgirdhar/Software/vision/all_opencv/opencv-3.0.0/release/CMakeFiles/CMakeTmp'
/usr/bin/cmake -E cmake_progress_report /srv2/rgirdhar/Software/vision/all_opencv/opencv-3.0.0/release/CMakeFiles/CMakeTmp/CMakeFiles 1
Building C object CMakeFiles/cmTryCompileExec1477899503.dir/CheckIncludeFile.c.o
/opt/centos/devtoolset-1.0/root/usr/bin/cc   -fsigned-char -W -Wall -Werror=return-type -Werror=non-virtual-dtor -Werror=address -Werror=sequence-point -Wformat -Werror=format-security -Wmissing-declarations -Wmissing-prototypes -Wstrict-prototypes -Wundef -Winit-self -Wpointer-arith -Wshadow -Wno-narrowing -fdiagnostics-show-option -Wno-long-long -pthread -fomit-frame-pointer -msse -msse2 -mno-avx -msse3 -mno-ssse3 -mno-sse4.1 -mno-sse4.2 -ffunction-sections -fvisibility=hidden  -O3 -DNDEBUG   -o CMakeFiles/cmTryCompileExec1477899503.dir/CheckIncludeFile.c.o   -c /srv2/rgirdhar/Software/vision/all_opencv/opencv-3.0.0/release/CMakeFiles/CMakeTmp/CheckIncludeFile.c
Linking C executable cmTryCompileExec1477899503
/usr/bin/cmake -E cmake_link_script CMakeFiles/cmTryCompileExec1477899503.dir/link.txt --verbose=1
/opt/centos/devtoolset-1.0/root/usr/bin/cc     -fsigned-char -W -Wall -Werror=return-type -Werror=non-virtual-dtor -Werror=address -Werror=sequence-point -Wformat -Werror=format-security -Wmissing-declarations -Wmissing-prototypes -Wstrict-prototypes -Wundef -Winit-self -Wpointer-arith -Wshadow -Wno-narrowing -fdiagnostics-show-option -Wno-long-long -pthread -fomit-frame-pointer -msse -msse2 -mno-avx -msse3 -mno-ssse3 -mno-sse4.1 -mno-sse4.2 -ffunction-sections -fvisibility=hidden  -O3 -DNDEBUG    CMakeFiles/cmTryCompileExec1477899503.dir/CheckIncludeFile.c.o  -o cmTryCompileExec1477899503 -rdynamic 
gmake[1]: Leaving directory `/srv2/rgirdhar/Software/vision/all_opencv/opencv-3.0.0/release/CMakeFiles/CMakeTmp'


Determining if the include file stdint.h exists passed with the following output:
Change Dir: /srv2/rgirdhar/Software/vision/all_opencv/opencv-3.0.0/release/CMakeFiles/CMakeTmp

Run Build Command:/usr/bin/gmake "cmTryCompileExec775257786/fast"
/usr/bin/gmake -f CMakeFiles/cmTryCompileExec775257786.dir/build.make CMakeFiles/cmTryCompileExec775257786.dir/build
gmake[1]: Entering directory `/srv2/rgirdhar/Software/vision/all_opencv/opencv-3.0.0/release/CMakeFiles/CMakeTmp'
/usr/bin/cmake -E cmake_progress_report /srv2/rgirdhar/Software/vision/all_opencv/opencv-3.0.0/release/CMakeFiles/CMakeTmp/CMakeFiles 1
Building C object CMakeFiles/cmTryCompileExec775257786.dir/CheckIncludeFile.c.o
/opt/centos/devtoolset-1.0/root/usr/bin/cc   -fsigned-char -W -Wall -Werror=return-type -Werror=non-virtual-dtor -Werror=address -Werror=sequence-point -Wformat -Werror=format-security -Wmissing-declarations -Wmissing-prototypes -Wstrict-prototypes -Wundef -Winit-self -Wpointer-arith -Wshadow -Wno-narrowing -fdiagnostics-show-option -Wno-long-long -pthread -fomit-frame-pointer -msse -msse2 -mno-avx -msse3 -mno-ssse3 -mno-sse4.1 -mno-sse4.2 -ffunction-sections -fvisibility=hidden  -O3 -DNDEBUG   -o CMakeFiles/cmTryCompileExec775257786.dir/CheckIncludeFile.c.o   -c /srv2/rgirdhar/Software/vision/all_opencv/opencv-3.0.0/release/CMakeFiles/CMakeTmp/CheckIncludeFile.c
Linking C executable cmTryCompileExec775257786
/usr/bin/cmake -E cmake_link_script CMakeFiles/cmTryCompileExec775257786.dir/link.txt --verbose=1
/opt/centos/devtoolset-1.0/root/usr/bin/cc     -fsigned-char -W -Wall -Werror=return-type -Werror=non-virtual-dtor -Werror=address -Werror=sequence-point -Wformat -Werror=format-security -Wmissing-declarations -Wmissing-prototypes -Wstrict-prototypes -Wundef -Winit-self -Wpointer-arith -Wshadow -Wno-narrowing -fdiagnostics-show-option -Wno-long-long -pthread -fomit-frame-pointer -msse -msse2 -mno-avx -msse3 -mno-ssse3 -mno-sse4.1 -mno-sse4.2 -ffunction-sections -fvisibility=hidden  -O3 -DNDEBUG    CMakeFiles/cmTryCompileExec775257786.dir/CheckIncludeFile.c.o  -o cmTryCompileExec775257786 -rdynamic 
gmake[1]: Leaving directory `/srv2/rgirdhar/Software/vision/all_opencv/opencv-3.0.0/release/CMakeFiles/CMakeTmp'


Determining if the include file stddef.h exists passed with the following output:
Change Dir: /srv2/rgirdhar/Software/vision/all_opencv/opencv-3.0.0/release/CMakeFiles/CMakeTmp

Run Build Command:/usr/bin/gmake "cmTryCompileExec2165397056/fast"
/usr/bin/gmake -f CMakeFiles/cmTryCompileExec2165397056.dir/build.make CMakeFiles/cmTryCompileExec2165397056.dir/build
gmake[1]: Entering directory `/srv2/rgirdhar/Software/vision/all_opencv/opencv-3.0.0/release/CMakeFiles/CMakeTmp'
/usr/bin/cmake -E cmake_progress_report /srv2/rgirdhar/Software/vision/all_opencv/opencv-3.0.0/release/CMakeFiles/CMakeTmp/CMakeFiles 1
Building C object CMakeFiles/cmTryCompileExec2165397056.dir/CheckIncludeFile.c.o
/opt/centos/devtoolset-1.0/root/usr/bin/cc   -fsigned-char -W -Wall -Werror=return-type -Werror=non-virtual-dtor -Werror=address -Werror=sequence-point -Wformat -Werror=format-security -Wmissing-declarations -Wmissing-prototypes -Wstrict-prototypes -Wundef -Winit-self -Wpointer-arith -Wshadow -Wno-narrowing -fdiagnostics-show-option -Wno-long-long -pthread -fomit-frame-pointer -msse -msse2 -mno-avx -msse3 -mno-ssse3 -mno-sse4.1 -mno-sse4.2 -ffunction-sections -fvisibility=hidden  -O3 -DNDEBUG   -o CMakeFiles/cmTryCompileExec2165397056.dir/CheckIncludeFile.c.o   -c /srv2/rgirdhar/Software/vision/all_opencv/opencv-3.0.0/release/CMakeFiles/CMakeTmp/CheckIncludeFile.c
Linking C executable cmTryCompileExec2165397056
/usr/bin/cmake -E cmake_link_script CMakeFiles/cmTryCompileExec2165397056.dir/link.txt --verbose=1
/opt/centos/devtoolset-1.0/root/usr/bin/cc     -fsigned-char -W -Wall -Werror=return-type -Werror=non-virtual-dtor -Werror=address -Werror=sequence-point -Wformat -Werror=format-security -Wmissing-declarations -Wmissing-prototypes -Wstrict-prototypes -Wundef -Winit-self -Wpointer-arith -Wshadow -Wno-narrowing -fdiagnostics-show-option -Wno-long-long -pthread -fomit-frame-pointer -msse -msse2 -mno-avx -msse3 -mno-ssse3 -mno-sse4.1 -mno-sse4.2 -ffunction-sections -fvisibility=hidden  -O3 -DNDEBUG    CMakeFiles/cmTryCompileExec2165397056.dir/CheckIncludeFile.c.o  -o cmTryCompileExec2165397056 -rdynamic 
gmake[1]: Leaving directory `/srv2/rgirdhar/Software/vision/all_opencv/opencv-3.0.0/release/CMakeFiles/CMakeTmp'


Determining size of unsigned short passed with the following output:
Change Dir: /srv2/rgirdhar/Software/vision/all_opencv/opencv-3.0.0/release/CMakeFiles/CMakeTmp

Run Build Command:/usr/bin/gmake "cmTryCompileExec4101385597/fast"
/usr/bin/gmake -f CMakeFiles/cmTryCompileExec4101385597.dir/build.make CMakeFiles/cmTryCompileExec4101385597.dir/build
gmake[1]: Entering directory `/srv2/rgirdhar/Software/vision/all_opencv/opencv-3.0.0/release/CMakeFiles/CMakeTmp'
/usr/bin/cmake -E cmake_progress_report /srv2/rgirdhar/Software/vision/all_opencv/opencv-3.0.0/release/CMakeFiles/CMakeTmp/CMakeFiles 1
Building C object CMakeFiles/cmTryCompileExec4101385597.dir/CMAKE_SIZEOF_UNSIGNED_SHORT.c.o
/opt/centos/devtoolset-1.0/root/usr/bin/cc   -fsigned-char -W -Wall -Werror=return-type -Werror=non-virtual-dtor -Werror=address -Werror=sequence-point -Wformat -Werror=format-security -Wmissing-declarations -Wmissing-prototypes -Wstrict-prototypes -Wundef -Winit-self -Wpointer-arith -Wshadow -Wno-narrowing -fdiagnostics-show-option -Wno-long-long -pthread -fomit-frame-pointer -msse -msse2 -mno-avx -msse3 -mno-ssse3 -mno-sse4.1 -mno-sse4.2 -ffunction-sections -fvisibility=hidden  -O3 -DNDEBUG   -o CMakeFiles/cmTryCompileExec4101385597.dir/CMAKE_SIZEOF_UNSIGNED_SHORT.c.o   -c /srv2/rgirdhar/Software/vision/all_opencv/opencv-3.0.0/release/CMakeFiles/CheckTypeSize/CMAKE_SIZEOF_UNSIGNED_SHORT.c
Linking C executable cmTryCompileExec4101385597
/usr/bin/cmake -E cmake_link_script CMakeFiles/cmTryCompileExec4101385597.dir/link.txt --verbose=1
/opt/centos/devtoolset-1.0/root/usr/bin/cc     -fsigned-char -W -Wall -Werror=return-type -Werror=non-virtual-dtor -Werror=address -Werror=sequence-point -Wformat -Werror=format-security -Wmissing-declarations -Wmissing-prototypes -Wstrict-prototypes -Wundef -Winit-self -Wpointer-arith -Wshadow -Wno-narrowing -fdiagnostics-show-option -Wno-long-long -pthread -fomit-frame-pointer -msse -msse2 -mno-avx -msse3 -mno-ssse3 -mno-sse4.1 -mno-sse4.2 -ffunction-sections -fvisibility=hidden  -O3 -DNDEBUG    CMakeFiles/cmTryCompileExec4101385597.dir/CMAKE_SIZEOF_UNSIGNED_SHORT.c.o  -o cmTryCompileExec4101385597 -rdynamic 
gmake[1]: Leaving directory `/srv2/rgirdhar/Software/vision/all_opencv/opencv-3.0.0/release/CMakeFiles/CMakeTmp'


Determining if the include file /usr/local/include/libpng/png.h exists passed with the following output:
Change Dir: /srv2/rgirdhar/Software/vision/all_opencv/opencv-3.0.0/release/CMakeFiles/CMakeTmp

Run Build Command:/usr/bin/gmake "cmTryCompileExec1013603425/fast"
/usr/bin/gmake -f CMakeFiles/cmTryCompileExec1013603425.dir/build.make CMakeFiles/cmTryCompileExec1013603425.dir/build
gmake[1]: Entering directory `/srv2/rgirdhar/Software/vision/all_opencv/opencv-3.0.0/release/CMakeFiles/CMakeTmp'
/usr/bin/cmake -E cmake_progress_report /srv2/rgirdhar/Software/vision/all_opencv/opencv-3.0.0/release/CMakeFiles/CMakeTmp/CMakeFiles 1
Building C object CMakeFiles/cmTryCompileExec1013603425.dir/CheckIncludeFile.c.o
/opt/centos/devtoolset-1.0/root/usr/bin/cc   -fsigned-char -W -Wall -Werror=return-type -Werror=non-virtual-dtor -Werror=address -Werror=sequence-point -Wformat -Werror=format-security -Wmissing-declarations -Wmissing-prototypes -Wstrict-prototypes -Wundef -Winit-self -Wpointer-arith -Wshadow -Wno-narrowing -fdiagnostics-show-option -Wno-long-long -pthread -fomit-frame-pointer -msse -msse2 -mno-avx -msse3 -mno-ssse3 -mno-sse4.1 -mno-sse4.2 -ffunction-sections -fvisibility=hidden  -O3 -DNDEBUG   -o CMakeFiles/cmTryCompileExec1013603425.dir/CheckIncludeFile.c.o   -c /srv2/rgirdhar/Software/vision/all_opencv/opencv-3.0.0/release/CMakeFiles/CMakeTmp/CheckIncludeFile.c
Linking C executable cmTryCompileExec1013603425
/usr/bin/cmake -E cmake_link_script CMakeFiles/cmTryCompileExec1013603425.dir/link.txt --verbose=1
/opt/centos/devtoolset-1.0/root/usr/bin/cc     -fsigned-char -W -Wall -Werror=return-type -Werror=non-virtual-dtor -Werror=address -Werror=sequence-point -Wformat -Werror=format-security -Wmissing-declarations -Wmissing-prototypes -Wstrict-prototypes -Wundef -Winit-self -Wpointer-arith -Wshadow -Wno-narrowing -fdiagnostics-show-option -Wno-long-long -pthread -fomit-frame-pointer -msse -msse2 -mno-avx -msse3 -mno-ssse3 -mno-sse4.1 -mno-sse4.2 -ffunction-sections -fvisibility=hidden  -O3 -DNDEBUG    CMakeFiles/cmTryCompileExec1013603425.dir/CheckIncludeFile.c.o  -o cmTryCompileExec1013603425 -rdynamic 
gmake[1]: Leaving directory `/srv2/rgirdhar/Software/vision/all_opencv/opencv-3.0.0/release/CMakeFiles/CMakeTmp'


Determining if the include file semaphore.h exists passed with the following output:
Change Dir: /srv2/rgirdhar/Software/vision/all_opencv/opencv-3.0.0/release/CMakeFiles/CMakeTmp

Run Build Command:/usr/bin/gmake "cmTryCompileExec2634401197/fast"
/usr/bin/gmake -f CMakeFiles/cmTryCompileExec2634401197.dir/build.make CMakeFiles/cmTryCompileExec2634401197.dir/build
gmake[1]: Entering directory `/srv2/rgirdhar/Software/vision/all_opencv/opencv-3.0.0/release/CMakeFiles/CMakeTmp'
/usr/bin/cmake -E cmake_progress_report /srv2/rgirdhar/Software/vision/all_opencv/opencv-3.0.0/release/CMakeFiles/CMakeTmp/CMakeFiles 1
Building C object CMakeFiles/cmTryCompileExec2634401197.dir/CheckIncludeFile.c.o
/opt/centos/devtoolset-1.0/root/usr/bin/cc   -fsigned-char -W -Wall -Werror=return-type -Werror=non-virtual-dtor -Werror=address -Werror=sequence-point -Wformat -Werror=format-security -Wmissing-declarations -Wmissing-prototypes -Wstrict-prototypes -Wundef -Winit-self -Wpointer-arith -Wshadow -Wno-narrowing -fdiagnostics-show-option -Wno-long-long -pthread -fomit-frame-pointer -msse -msse2 -mno-avx -msse3 -mno-ssse3 -mno-sse4.1 -mno-sse4.2 -ffunction-sections -fvisibility=hidden  -O3 -DNDEBUG   -o CMakeFiles/cmTryCompileExec2634401197.dir/CheckIncludeFile.c.o   -c /srv2/rgirdhar/Software/vision/all_opencv/opencv-3.0.0/release/CMakeFiles/CMakeTmp/CheckIncludeFile.c
Linking C executable cmTryCompileExec2634401197
/usr/bin/cmake -E cmake_link_script CMakeFiles/cmTryCompileExec2634401197.dir/link.txt --verbose=1
/opt/centos/devtoolset-1.0/root/usr/bin/cc     -fsigned-char -W -Wall -Werror=return-type -Werror=non-virtual-dtor -Werror=address -Werror=sequence-point -Wformat -Werror=format-security -Wmissing-declarations -Wmissing-prototypes -Wstrict-prototypes -Wundef -Winit-self -Wpointer-arith -Wshadow -Wno-narrowing -fdiagnostics-show-option -Wno-long-long -pthread -fomit-frame-pointer -msse -msse2 -mno-avx -msse3 -mno-ssse3 -mno-sse4.1 -mno-sse4.2 -ffunction-sections -fvisibility=hidden  -O3 -DNDEBUG    CMakeFiles/cmTryCompileExec2634401197.dir/CheckIncludeFile.c.o  -o cmTryCompileExec2634401197 -rdynamic 
gmake[1]: Leaving directory `/srv2/rgirdhar/Software/vision/all_opencv/opencv-3.0.0/release/CMakeFiles/CMakeTmp'


Determining if the include file linux/videodev.h exists passed with the following output:
Change Dir: /srv2/rgirdhar/Software/vision/all_opencv/opencv-3.0.0/release/CMakeFiles/CMakeTmp

Run Build Command:/usr/bin/gmake "cmTryCompileExec4086032845/fast"
/usr/bin/gmake -f CMakeFiles/cmTryCompileExec4086032845.dir/build.make CMakeFiles/cmTryCompileExec4086032845.dir/build
gmake[1]: Entering directory `/srv2/rgirdhar/Software/vision/all_opencv/opencv-3.0.0/release/CMakeFiles/CMakeTmp'
/usr/bin/cmake -E cmake_progress_report /srv2/rgirdhar/Software/vision/all_opencv/opencv-3.0.0/release/CMakeFiles/CMakeTmp/CMakeFiles 1
Building C object CMakeFiles/cmTryCompileExec4086032845.dir/CheckIncludeFile.c.o
/opt/centos/devtoolset-1.0/root/usr/bin/cc   -fsigned-char -W -Wall -Werror=return-type -Werror=non-virtual-dtor -Werror=address -Werror=sequence-point -Wformat -Werror=format-security -Wmissing-declarations -Wmissing-prototypes -Wstrict-prototypes -Wundef -Winit-self -Wpointer-arith -Wshadow -Wno-narrowing -fdiagnostics-show-option -Wno-long-long -pthread -fomit-frame-pointer -msse -msse2 -mno-avx -msse3 -mno-ssse3 -mno-sse4.1 -mno-sse4.2 -ffunction-sections -fvisibility=hidden  -O3 -DNDEBUG   -o CMakeFiles/cmTryCompileExec4086032845.dir/CheckIncludeFile.c.o   -c /srv2/rgirdhar/Software/vision/all_opencv/opencv-3.0.0/release/CMakeFiles/CMakeTmp/CheckIncludeFile.c
Linking C executable cmTryCompileExec4086032845
/usr/bin/cmake -E cmake_link_script CMakeFiles/cmTryCompileExec4086032845.dir/link.txt --verbose=1
/opt/centos/devtoolset-1.0/root/usr/bin/cc     -fsigned-char -W -Wall -Werror=return-type -Werror=non-virtual-dtor -Werror=address -Werror=sequence-point -Wformat -Werror=format-security -Wmissing-declarations -Wmissing-prototypes -Wstrict-prototypes -Wundef -Winit-self -Wpointer-arith -Wshadow -Wno-narrowing -fdiagnostics-show-option -Wno-long-long -pthread -fomit-frame-pointer -msse -msse2 -mno-avx -msse3 -mno-ssse3 -mno-sse4.1 -mno-sse4.2 -ffunction-sections -fvisibility=hidden  -O3 -DNDEBUG    CMakeFiles/cmTryCompileExec4086032845.dir/CheckIncludeFile.c.o  -o cmTryCompileExec4086032845 -rdynamic 
gmake[1]: Leaving directory `/srv2/rgirdhar/Software/vision/all_opencv/opencv-3.0.0/release/CMakeFiles/CMakeTmp'


Determining if the include file linux/videodev2.h exists passed with the following output:
Change Dir: /srv2/rgirdhar/Software/vision/all_opencv/opencv-3.0.0/release/CMakeFiles/CMakeTmp

Run Build Command:/usr/bin/gmake "cmTryCompileExec1466979270/fast"
/usr/bin/gmake -f CMakeFiles/cmTryCompileExec1466979270.dir/build.make CMakeFiles/cmTryCompileExec1466979270.dir/build
gmake[1]: Entering directory `/srv2/rgirdhar/Software/vision/all_opencv/opencv-3.0.0/release/CMakeFiles/CMakeTmp'
/usr/bin/cmake -E cmake_progress_report /srv2/rgirdhar/Software/vision/all_opencv/opencv-3.0.0/release/CMakeFiles/CMakeTmp/CMakeFiles 1
Building C object CMakeFiles/cmTryCompileExec1466979270.dir/CheckIncludeFile.c.o
/opt/centos/devtoolset-1.0/root/usr/bin/cc   -fsigned-char -W -Wall -Werror=return-type -Werror=non-virtual-dtor -Werror=address -Werror=sequence-point -Wformat -Werror=format-security -Wmissing-declarations -Wmissing-prototypes -Wstrict-prototypes -Wundef -Winit-self -Wpointer-arith -Wshadow -Wno-narrowing -fdiagnostics-show-option -Wno-long-long -pthread -fomit-frame-pointer -msse -msse2 -mno-avx -msse3 -mno-ssse3 -mno-sse4.1 -mno-sse4.2 -ffunction-sections -fvisibility=hidden  -O3 -DNDEBUG   -o CMakeFiles/cmTryCompileExec1466979270.dir/CheckIncludeFile.c.o   -c /srv2/rgirdhar/Software/vision/all_opencv/opencv-3.0.0/release/CMakeFiles/CMakeTmp/CheckIncludeFile.c
Linking C executable cmTryCompileExec1466979270
/usr/bin/cmake -E cmake_link_script CMakeFiles/cmTryCompileExec1466979270.dir/link.txt --verbose=1
/opt/centos/devtoolset-1.0/root/usr/bin/cc     -fsigned-char -W -Wall -Werror=return-type -Werror=non-virtual-dtor -Werror=address -Werror=sequence-point -Wformat -Werror=format-security -Wmissing-declarations -Wmissing-prototypes -Wstrict-prototypes -Wundef -Winit-self -Wpointer-arith -Wshadow -Wno-narrowing -fdiagnostics-show-option -Wno-long-long -pthread -fomit-frame-pointer -msse -msse2 -mno-avx -msse3 -mno-ssse3 -mno-sse4.1 -mno-sse4.2 -ffunction-sections -fvisibility=hidden  -O3 -DNDEBUG    CMakeFiles/cmTryCompileExec1466979270.dir/CheckIncludeFile.c.o  -o cmTryCompileExec1466979270 -rdynamic 
gmake[1]: Leaving directory `/srv2/rgirdhar/Software/vision/all_opencv/opencv-3.0.0/release/CMakeFiles/CMakeTmp'


